[INFO  - 2016-10-13T19:00:55.090Z] GhostDriver - Main - running on port 38077
[INFO  - 2016-10-13T19:00:56.651Z] Session [5eae8450-9177-11e6-afaa-fdfaa5118b3a] - page.settings - {"XSSAuditingEnabled":false,"javascriptCanCloseWindows":true,"javascriptCanOpenWindows":true,"javascriptEnabled":true,"loadImages":true,"localToRemoteUrlAccessEnabled":false,"userAgent":"Mozilla/5.0 (Windows NT 6.2; WOW64) AppleWebKit/538.1 (KHTML, like Gecko) PhantomJS/2.1.1 Safari/538.1","webSecurityEnabled":true}
[INFO  - 2016-10-13T19:00:56.651Z] Session [5eae8450-9177-11e6-afaa-fdfaa5118b3a] - page.customHeaders:  - {}
[INFO  - 2016-10-13T19:00:56.652Z] Session [5eae8450-9177-11e6-afaa-fdfaa5118b3a] - Session.negotiatedCapabilities - {"browserName":"phantomjs","version":"2.1.1","driverName":"ghostdriver","driverVersion":"1.2.0","platform":"windows-8.1-32bit","javascriptEnabled":true,"takesScreenshot":true,"handlesAlerts":false,"databaseEnabled":false,"locationContextEnabled":false,"applicationCacheEnabled":false,"browserConnectionEnabled":false,"cssSelectorsEnabled":true,"webStorageEnabled":false,"rotatable":false,"acceptSslCerts":false,"nativeEvents":true,"proxy":{"proxyType":"direct"}}
[INFO  - 2016-10-13T19:00:56.652Z] SessionManagerReqHand - _postNewSessionCommand - New Session Created: 5eae8450-9177-11e6-afaa-fdfaa5118b3a
[INFO  - 2016-10-13T19:00:57.604Z] ShutdownReqHand - _handle - About to shutdown
[INFO  - 2016-10-13T19:02:52.028Z] GhostDriver - Main - running on port 8188
[INFO  - 2016-10-13T19:02:52.459Z] Session [a4450020-9177-11e6-843c-6b3c984afab5] - page.settings - {"XSSAuditingEnabled":false,"javascriptCanCloseWindows":true,"javascriptCanOpenWindows":true,"javascriptEnabled":true,"loadImages":true,"localToRemoteUrlAccessEnabled":false,"userAgent":"Mozilla/5.0 (Windows NT 6.2; WOW64) AppleWebKit/538.1 (KHTML, like Gecko) PhantomJS/2.1.1 Safari/538.1","webSecurityEnabled":true}
[INFO  - 2016-10-13T19:02:52.459Z] Session [a4450020-9177-11e6-843c-6b3c984afab5] - page.customHeaders:  - {}
[INFO  - 2016-10-13T19:02:52.460Z] Session [a4450020-9177-11e6-843c-6b3c984afab5] - Session.negotiatedCapabilities - {"browserName":"phantomjs","version":"2.1.1","driverName":"ghostdriver","driverVersion":"1.2.0","platform":"windows-8.1-32bit","javascriptEnabled":true,"takesScreenshot":true,"handlesAlerts":false,"databaseEnabled":false,"locationContextEnabled":false,"applicationCacheEnabled":false,"browserConnectionEnabled":false,"cssSelectorsEnabled":true,"webStorageEnabled":false,"rotatable":false,"acceptSslCerts":false,"nativeEvents":true,"proxy":{"proxyType":"direct"}}
[INFO  - 2016-10-13T19:02:52.460Z] SessionManagerReqHand - _postNewSessionCommand - New Session Created: a4450020-9177-11e6-843c-6b3c984afab5
[INFO  - 2016-10-13T19:02:53.187Z] ShutdownReqHand - _handle - About to shutdown
[INFO  - 2016-10-13T19:04:49.851Z] GhostDriver - Main - running on port 7773
[INFO  - 2016-10-13T19:04:50.446Z] Session [ea97c710-9177-11e6-b3e9-69063bd0b96e] - page.settings - {"XSSAuditingEnabled":false,"javascriptCanCloseWindows":true,"javascriptCanOpenWindows":true,"javascriptEnabled":true,"loadImages":true,"localToRemoteUrlAccessEnabled":false,"userAgent":"Mozilla/5.0 (Windows NT 6.2; WOW64) AppleWebKit/538.1 (KHTML, like Gecko) PhantomJS/2.1.1 Safari/538.1","webSecurityEnabled":true}
[INFO  - 2016-10-13T19:04:50.447Z] Session [ea97c710-9177-11e6-b3e9-69063bd0b96e] - page.customHeaders:  - {}
[INFO  - 2016-10-13T19:04:50.447Z] Session [ea97c710-9177-11e6-b3e9-69063bd0b96e] - Session.negotiatedCapabilities - {"browserName":"phantomjs","version":"2.1.1","driverName":"ghostdriver","driverVersion":"1.2.0","platform":"windows-8.1-32bit","javascriptEnabled":true,"takesScreenshot":true,"handlesAlerts":false,"databaseEnabled":false,"locationContextEnabled":false,"applicationCacheEnabled":false,"browserConnectionEnabled":false,"cssSelectorsEnabled":true,"webStorageEnabled":false,"rotatable":false,"acceptSslCerts":false,"nativeEvents":true,"proxy":{"proxyType":"direct"}}
[INFO  - 2016-10-13T19:04:50.447Z] SessionManagerReqHand - _postNewSessionCommand - New Session Created: ea97c710-9177-11e6-b3e9-69063bd0b96e
[INFO  - 2016-10-13T19:04:51.149Z] ShutdownReqHand - _handle - About to shutdown
[INFO  - 2016-10-13T19:08:51.231Z] GhostDriver - Main - running on port 25044
[INFO  - 2016-10-13T19:08:53.143Z] Session [7b4066a0-9178-11e6-ad5a-5926d0ea7e55] - page.settings - {"XSSAuditingEnabled":false,"javascriptCanCloseWindows":true,"javascriptCanOpenWindows":true,"javascriptEnabled":true,"loadImages":true,"localToRemoteUrlAccessEnabled":false,"userAgent":"Mozilla/5.0 (Windows NT 6.2; WOW64) AppleWebKit/538.1 (KHTML, like Gecko) PhantomJS/2.1.1 Safari/538.1","webSecurityEnabled":true}
[INFO  - 2016-10-13T19:08:53.143Z] Session [7b4066a0-9178-11e6-ad5a-5926d0ea7e55] - page.customHeaders:  - {}
[INFO  - 2016-10-13T19:08:53.143Z] Session [7b4066a0-9178-11e6-ad5a-5926d0ea7e55] - Session.negotiatedCapabilities - {"browserName":"phantomjs","version":"2.1.1","driverName":"ghostdriver","driverVersion":"1.2.0","platform":"windows-8.1-32bit","javascriptEnabled":true,"takesScreenshot":true,"handlesAlerts":false,"databaseEnabled":false,"locationContextEnabled":false,"applicationCacheEnabled":false,"browserConnectionEnabled":false,"cssSelectorsEnabled":true,"webStorageEnabled":false,"rotatable":false,"acceptSslCerts":false,"nativeEvents":true,"proxy":{"proxyType":"direct"}}
[INFO  - 2016-10-13T19:08:53.144Z] SessionManagerReqHand - _postNewSessionCommand - New Session Created: 7b4066a0-9178-11e6-ad5a-5926d0ea7e55
[INFO  - 2016-10-13T19:08:53.995Z] ShutdownReqHand - _handle - About to shutdown
[INFO  - 2016-10-13T19:31:32.108Z] GhostDriver - Main - running on port 2670
[INFO  - 2016-10-13T19:31:32.516Z] Session [a580b7a0-917b-11e6-a2fe-55159f61c8d9] - page.settings - {"XSSAuditingEnabled":false,"javascriptCanCloseWindows":true,"javascriptCanOpenWindows":true,"javascriptEnabled":true,"loadImages":true,"localToRemoteUrlAccessEnabled":false,"userAgent":"Mozilla/5.0 (Windows NT 6.2; WOW64) AppleWebKit/538.1 (KHTML, like Gecko) PhantomJS/2.1.1 Safari/538.1","webSecurityEnabled":true}
[INFO  - 2016-10-13T19:31:32.516Z] Session [a580b7a0-917b-11e6-a2fe-55159f61c8d9] - page.customHeaders:  - {}
[INFO  - 2016-10-13T19:31:32.516Z] Session [a580b7a0-917b-11e6-a2fe-55159f61c8d9] - Session.negotiatedCapabilities - {"browserName":"phantomjs","version":"2.1.1","driverName":"ghostdriver","driverVersion":"1.2.0","platform":"windows-8.1-32bit","javascriptEnabled":true,"takesScreenshot":true,"handlesAlerts":false,"databaseEnabled":false,"locationContextEnabled":false,"applicationCacheEnabled":false,"browserConnectionEnabled":false,"cssSelectorsEnabled":true,"webStorageEnabled":false,"rotatable":false,"acceptSslCerts":false,"nativeEvents":true,"proxy":{"proxyType":"direct"}}
[INFO  - 2016-10-13T19:31:32.517Z] SessionManagerReqHand - _postNewSessionCommand - New Session Created: a580b7a0-917b-11e6-a2fe-55159f61c8d9
[INFO  - 2016-10-13T19:31:33.219Z] ShutdownReqHand - _handle - About to shutdown
[INFO  - 2016-10-13T20:08:42.162Z] GhostDriver - Main - running on port 13931
[INFO  - 2016-10-13T20:08:42.898Z] Session [d6ea4ea0-9180-11e6-87a9-d1ad7ddff666] - page.settings - {"XSSAuditingEnabled":false,"javascriptCanCloseWindows":true,"javascriptCanOpenWindows":true,"javascriptEnabled":true,"loadImages":true,"localToRemoteUrlAccessEnabled":false,"userAgent":"Mozilla/5.0 (Windows NT 6.2; WOW64) AppleWebKit/538.1 (KHTML, like Gecko) PhantomJS/2.1.1 Safari/538.1","webSecurityEnabled":true}
[INFO  - 2016-10-13T20:08:42.899Z] Session [d6ea4ea0-9180-11e6-87a9-d1ad7ddff666] - page.customHeaders:  - {}
[INFO  - 2016-10-13T20:08:42.899Z] Session [d6ea4ea0-9180-11e6-87a9-d1ad7ddff666] - Session.negotiatedCapabilities - {"browserName":"phantomjs","version":"2.1.1","driverName":"ghostdriver","driverVersion":"1.2.0","platform":"windows-8.1-32bit","javascriptEnabled":true,"takesScreenshot":true,"handlesAlerts":false,"databaseEnabled":false,"locationContextEnabled":false,"applicationCacheEnabled":false,"browserConnectionEnabled":false,"cssSelectorsEnabled":true,"webStorageEnabled":false,"rotatable":false,"acceptSslCerts":false,"nativeEvents":true,"proxy":{"proxyType":"direct"}}
[INFO  - 2016-10-13T20:08:42.900Z] SessionManagerReqHand - _postNewSessionCommand - New Session Created: d6ea4ea0-9180-11e6-87a9-d1ad7ddff666
[INFO  - 2016-10-13T20:08:43.683Z] ShutdownReqHand - _handle - About to shutdown
[INFO  - 2016-10-13T20:10:35.200Z] GhostDriver - Main - running on port 47152
[INFO  - 2016-10-13T20:10:36.097Z] Session [1a625740-9181-11e6-9abf-893d3bfe3497] - page.settings - {"XSSAuditingEnabled":false,"javascriptCanCloseWindows":true,"javascriptCanOpenWindows":true,"javascriptEnabled":true,"loadImages":true,"localToRemoteUrlAccessEnabled":false,"userAgent":"Mozilla/5.0 (Windows NT 6.2; WOW64) AppleWebKit/538.1 (KHTML, like Gecko) PhantomJS/2.1.1 Safari/538.1","webSecurityEnabled":true}
[INFO  - 2016-10-13T20:10:36.097Z] Session [1a625740-9181-11e6-9abf-893d3bfe3497] - page.customHeaders:  - {}
[INFO  - 2016-10-13T20:10:36.097Z] Session [1a625740-9181-11e6-9abf-893d3bfe3497] - Session.negotiatedCapabilities - {"browserName":"phantomjs","version":"2.1.1","driverName":"ghostdriver","driverVersion":"1.2.0","platform":"windows-8.1-32bit","javascriptEnabled":true,"takesScreenshot":true,"handlesAlerts":false,"databaseEnabled":false,"locationContextEnabled":false,"applicationCacheEnabled":false,"browserConnectionEnabled":false,"cssSelectorsEnabled":true,"webStorageEnabled":false,"rotatable":false,"acceptSslCerts":false,"nativeEvents":true,"proxy":{"proxyType":"direct"}}
[INFO  - 2016-10-13T20:10:36.098Z] SessionManagerReqHand - _postNewSessionCommand - New Session Created: 1a625740-9181-11e6-9abf-893d3bfe3497
[INFO  - 2016-10-13T20:10:37.086Z] ShutdownReqHand - _handle - About to shutdown
[INFO  - 2016-10-13T20:30:26.306Z] GhostDriver - Main - running on port 31825
[INFO  - 2016-10-13T20:30:26.727Z] Session [e00eabe0-9183-11e6-b274-4946cf45982a] - page.settings - {"XSSAuditingEnabled":false,"javascriptCanCloseWindows":true,"javascriptCanOpenWindows":true,"javascriptEnabled":true,"loadImages":true,"localToRemoteUrlAccessEnabled":false,"userAgent":"Mozilla/5.0 (Windows NT 6.2; WOW64) AppleWebKit/538.1 (KHTML, like Gecko) PhantomJS/2.1.1 Safari/538.1","webSecurityEnabled":true}
[INFO  - 2016-10-13T20:30:26.727Z] Session [e00eabe0-9183-11e6-b274-4946cf45982a] - page.customHeaders:  - {}
[INFO  - 2016-10-13T20:30:26.728Z] Session [e00eabe0-9183-11e6-b274-4946cf45982a] - Session.negotiatedCapabilities - {"browserName":"phantomjs","version":"2.1.1","driverName":"ghostdriver","driverVersion":"1.2.0","platform":"windows-8.1-32bit","javascriptEnabled":true,"takesScreenshot":true,"handlesAlerts":false,"databaseEnabled":false,"locationContextEnabled":false,"applicationCacheEnabled":false,"browserConnectionEnabled":false,"cssSelectorsEnabled":true,"webStorageEnabled":false,"rotatable":false,"acceptSslCerts":false,"nativeEvents":true,"proxy":{"proxyType":"direct"}}
[INFO  - 2016-10-13T20:30:26.728Z] SessionManagerReqHand - _postNewSessionCommand - New Session Created: e00eabe0-9183-11e6-b274-4946cf45982a
[INFO  - 2016-10-13T20:30:27.405Z] ShutdownReqHand - _handle - About to shutdown
[INFO  - 2016-10-14T15:30:47.038Z] GhostDriver - Main - running on port 43664
[INFO  - 2016-10-14T15:30:48.357Z] Session [2e853010-9223-11e6-b219-2d7646247d7e] - page.settings - {"XSSAuditingEnabled":false,"javascriptCanCloseWindows":true,"javascriptCanOpenWindows":true,"javascriptEnabled":true,"loadImages":true,"localToRemoteUrlAccessEnabled":false,"userAgent":"Mozilla/5.0 (Windows NT 6.2; WOW64) AppleWebKit/538.1 (KHTML, like Gecko) PhantomJS/2.1.1 Safari/538.1","webSecurityEnabled":true}
[INFO  - 2016-10-14T15:30:48.358Z] Session [2e853010-9223-11e6-b219-2d7646247d7e] - page.customHeaders:  - {}
[INFO  - 2016-10-14T15:30:48.360Z] Session [2e853010-9223-11e6-b219-2d7646247d7e] - Session.negotiatedCapabilities - {"browserName":"phantomjs","version":"2.1.1","driverName":"ghostdriver","driverVersion":"1.2.0","platform":"windows-8.1-32bit","javascriptEnabled":true,"takesScreenshot":true,"handlesAlerts":false,"databaseEnabled":false,"locationContextEnabled":false,"applicationCacheEnabled":false,"browserConnectionEnabled":false,"cssSelectorsEnabled":true,"webStorageEnabled":false,"rotatable":false,"acceptSslCerts":false,"nativeEvents":true,"proxy":{"proxyType":"direct"}}
[INFO  - 2016-10-14T15:30:48.363Z] SessionManagerReqHand - _postNewSessionCommand - New Session Created: 2e853010-9223-11e6-b219-2d7646247d7e
[INFO  - 2016-10-14T15:30:49.922Z] ShutdownReqHand - _handle - About to shutdown
[INFO  - 2016-10-14T19:19:07.074Z] GhostDriver - Main - running on port 30259
[INFO  - 2016-10-14T19:19:08.006Z] Session [1425bb20-9243-11e6-acf8-358013efe832] - page.settings - {"XSSAuditingEnabled":false,"javascriptCanCloseWindows":true,"javascriptCanOpenWindows":true,"javascriptEnabled":true,"loadImages":true,"localToRemoteUrlAccessEnabled":false,"userAgent":"Mozilla/5.0 (Windows NT 6.2; WOW64) AppleWebKit/538.1 (KHTML, like Gecko) PhantomJS/2.1.1 Safari/538.1","webSecurityEnabled":true}
[INFO  - 2016-10-14T19:19:08.006Z] Session [1425bb20-9243-11e6-acf8-358013efe832] - page.customHeaders:  - {}
[INFO  - 2016-10-14T19:19:08.007Z] Session [1425bb20-9243-11e6-acf8-358013efe832] - Session.negotiatedCapabilities - {"browserName":"phantomjs","version":"2.1.1","driverName":"ghostdriver","driverVersion":"1.2.0","platform":"windows-8.1-32bit","javascriptEnabled":true,"takesScreenshot":true,"handlesAlerts":false,"databaseEnabled":false,"locationContextEnabled":false,"applicationCacheEnabled":false,"browserConnectionEnabled":false,"cssSelectorsEnabled":true,"webStorageEnabled":false,"rotatable":false,"acceptSslCerts":false,"nativeEvents":true,"proxy":{"proxyType":"direct"}}
[INFO  - 2016-10-14T19:19:08.008Z] SessionManagerReqHand - _postNewSessionCommand - New Session Created: 1425bb20-9243-11e6-acf8-358013efe832
[INFO  - 2016-10-14T19:19:09.635Z] ShutdownReqHand - _handle - About to shutdown
[INFO  - 2016-10-14T19:22:07.311Z] GhostDriver - Main - running on port 38752
[INFO  - 2016-10-14T19:22:07.829Z] Session [7f54d930-9243-11e6-980d-615df79e636a] - page.settings - {"XSSAuditingEnabled":false,"javascriptCanCloseWindows":true,"javascriptCanOpenWindows":true,"javascriptEnabled":true,"loadImages":true,"localToRemoteUrlAccessEnabled":false,"userAgent":"Mozilla/5.0 (Windows NT 6.2; WOW64) AppleWebKit/538.1 (KHTML, like Gecko) PhantomJS/2.1.1 Safari/538.1","webSecurityEnabled":true}
[INFO  - 2016-10-14T19:22:07.830Z] Session [7f54d930-9243-11e6-980d-615df79e636a] - page.customHeaders:  - {}
[INFO  - 2016-10-14T19:22:07.830Z] Session [7f54d930-9243-11e6-980d-615df79e636a] - Session.negotiatedCapabilities - {"browserName":"phantomjs","version":"2.1.1","driverName":"ghostdriver","driverVersion":"1.2.0","platform":"windows-8.1-32bit","javascriptEnabled":true,"takesScreenshot":true,"handlesAlerts":false,"databaseEnabled":false,"locationContextEnabled":false,"applicationCacheEnabled":false,"browserConnectionEnabled":false,"cssSelectorsEnabled":true,"webStorageEnabled":false,"rotatable":false,"acceptSslCerts":false,"nativeEvents":true,"proxy":{"proxyType":"direct"}}
[INFO  - 2016-10-14T19:22:07.831Z] SessionManagerReqHand - _postNewSessionCommand - New Session Created: 7f54d930-9243-11e6-980d-615df79e636a
[INFO  - 2016-10-14T19:22:09.186Z] ShutdownReqHand - _handle - About to shutdown
